

Processing ReportsController#index (for 127.0.0.1 at 2009-07-21 17:55:22) [GET]
  [4;36;1mReport Load (0.0ms)[0m   [0;1mSQLite3::SQLException: no such table: reports: SELECT * FROM "reports" [0m

ActiveRecord::StatementInvalid (SQLite3::SQLException: no such table: reports: SELECT * FROM "reports" ):
  app/controllers/reports_controller.rb:5:in `index'

Rendered rescues/_trace (104.0ms)
Rendered rescues/_request_and_response (0.0ms)
Rendering rescues/layout (internal_server_error)
  [4;36;1mSQL (0.0ms)[0m   [0;1m SELECT name
 FROM sqlite_master
 WHERE type = 'table' AND NOT name = 'sqlite_sequence'
[0m
  [4;35;1mSQL (0.0ms)[0m   [0mselect sqlite_version(*)[0m
  [4;36;1mSQL (4.0ms)[0m   [0;1mCREATE TABLE "schema_migrations" ("version" varchar(255) NOT NULL) [0m
  [4;35;1mSQL (8.0ms)[0m   [0mCREATE UNIQUE INDEX "unique_schema_migrations" ON "schema_migrations" ("version")[0m
  [4;36;1mSQL (0.0ms)[0m   [0;1m SELECT name
 FROM sqlite_master
 WHERE type = 'table' AND NOT name = 'sqlite_sequence'
[0m
  [4;35;1mSQL (0.0ms)[0m   [0mSELECT version FROM schema_migrations[0m
Migrating to CreateReports (20090721205441)
  [4;36;1mSQL (0.0ms)[0m   [0;1mCREATE TABLE "reports" ("id" INTEGER PRIMARY KEY AUTOINCREMENT NOT NULL, "text" text, "created_at" datetime, "updated_at" datetime) [0m
  [4;35;1mSQL (0.0ms)[0m   [0mINSERT INTO schema_migrations (version) VALUES ('20090721205441')[0m
  [4;36;1mSQL (0.0ms)[0m   [0;1m SELECT name
 FROM sqlite_master
 WHERE type = 'table' AND NOT name = 'sqlite_sequence'
[0m
  [4;35;1mSQL (0.0ms)[0m   [0mSELECT version FROM schema_migrations[0m
  [4;36;1mSQL (0.0ms)[0m   [0;1m SELECT name
 FROM sqlite_master
 WHERE type = 'table' AND NOT name = 'sqlite_sequence'
[0m
  [4;35;1mSQL (4.0ms)[0m   [0mPRAGMA index_list("reports")[0m


Processing ReportsController#index (for 127.0.0.1 at 2009-07-21 17:55:47) [GET]
  [4;35;1mReport Load (0.0ms)[0m   [0mSELECT * FROM "reports" [0m
Rendering template within layouts/reports
Rendering reports/index
Completed in 32ms (View: 20, DB: 0) | 200 OK [http://localhost/reports]


Processing ReportsController#new (for 127.0.0.1 at 2009-07-21 17:55:51) [GET]
Rendering template within layouts/reports
Rendering reports/new
Completed in 44ms (View: 20, DB: 0) | 200 OK [http://localhost/reports/new]


Processing ReportsController#index (for 127.0.0.1 at 2009-07-21 17:55:57) [GET]
  [4;36;1mReport Load (0.0ms)[0m   [0;1mSELECT * FROM "reports" [0m
Rendering template within layouts/reports
Rendering reports/index
Completed in 20ms (View: 0, DB: 0) | 200 OK [http://localhost/reports]
